<<<<<<< HEAD
Error Opening \\.\PhysicalDrive2. Error Code 2
No of disks 2
Scanning \\.\PhysicalDrive0
index 0 ID 7 size 204800 
index 1 ID 7 size 312373248 
Scanning \\.\PhysicalDrive1
Scanning of \\.\PhysicalDrive1 failed: Partition Table Error on C:/Users/Peter/Desktop/Ricky310711RomKitchen/ROMKITCHEN/WORKING/tmp/system.img.ext4.out
Invalid End of sector markerBlock size 4096, inp 8032, inodesize 256
Linux Partition found on disk 3 partition 0
Error reading Inode 0 parent inode 2.
Error reading Inode 0 parent inode 1225.
Error reading Inode 0 parent inode 11.
Inode 15 with file size 0
Error reading Inode 0 parent inode 13.
Inode 35 with file size 0
Error reading Inode 0 parent inode 34.
Error reading Inode 0 parent inode 12.
Error reading Inode 0 parent inode 361.
Error reading Inode 0 parent inode 52.
Error reading Inode 0 parent inode 381.
Error reading Inode 0 parent inode 642.
Error reading Inode 0 parent inode 652.
Error reading Inode 0 parent inode 662.
Error reading Inode 0 parent inode 670.
Error reading Inode 0 parent inode 678.
Error reading Inode 0 parent inode 641.
Error reading Inode 0 parent inode 639.
Error reading Inode 0 parent inode 690.
Error reading Inode 0 parent inode 703.
Error reading Inode 0 parent inode 716.
Error reading Inode 0 parent inode 689.
Error reading Inode 0 parent inode 720.
Error reading Inode 0 parent inode 735.
Error reading Inode 0 parent inode 719.
Error reading Inode 0 parent inode 633.
Error reading Inode 0 parent inode 757.
Error reading Inode 0 parent inode 750.
Error reading Inode 0 parent inode 774.
Error reading Inode 0 parent inode 783.
Error reading Inode 0 parent inode 788.
Error reading Inode 0 parent inode 787.
Error reading Inode 0 parent inode 808.
Error reading Inode 0 parent inode 797.
Error reading Inode 0 parent inode 837.
Error reading Inode 0 parent inode 915.
Error reading Inode 0 parent inode 924.
Error reading Inode 0 parent inode 926.
Error reading Inode 0 parent inode 928.
Error reading Inode 0 parent inode 930.
Error reading Inode 0 parent inode 932.
Error reading Inode 0 parent inode 934.
Error reading Inode 0 parent inode 936.
Error reading Inode 0 parent inode 938.
Error reading Inode 0 parent inode 940.
Error reading Inode 0 parent inode 942.
Error reading Inode 0 parent inode 944.
Error reading Inode 0 parent inode 946.
Error reading Inode 0 parent inode 948.
Error reading Inode 0 parent inode 950.
Error reading Inode 0 parent inode 923.
Error reading Inode 0 parent inode 958.
Error reading Inode 0 parent inode 957.
Error reading Inode 0 parent inode 954.
Error reading Inode 0 parent inode 966.
Error reading Inode 0 parent inode 953.
Error reading Inode 0 parent inode 1127.
Error reading Inode 0 parent inode 1155.
Error reading Inode 0 parent inode 1163.
Error reading Inode 0 parent inode 1167.
Error reading Inode 0 parent inode 1171.
Error reading Inode 0 parent inode 1175.
Error reading Inode 0 parent inode 1179.
Error reading Inode 0 parent inode 1162.
Error reading Inode 0 parent inode 1184.
Error reading Inode 0 parent inode 1186.
Error reading Inode 0 parent inode 1188.
Error reading Inode 0 parent inode 1190.
Error reading Inode 0 parent inode 1192.
Error reading Inode 0 parent inode 1194.
Error reading Inode 0 parent inode 1196.
Error reading Inode 0 parent inode 1198.
Error reading Inode 0 parent inode 1183.
Error reading Inode 0 parent inode 1161.
Error reading Inode 0 parent inode 1159.
Inode 1201 with file size 0
Error reading Inode 0 parent inode 1203.
Error reading Inode 0 parent inode 764.
Error reading Inode 0 parent inode 1225.
Error reading Inode 0 parent inode 1490.
Error reading Inode 0 parent inode 1489.
Error reading Inode 0 parent inode 1334.
Error reading Inode 0 parent inode 1553.
Error reading Inode 0 parent inode 1560.
Error reading Inode 0 parent inode 1563.
Error reading Inode 0 parent inode 2355.
Error reading Inode 0 parent inode 2358.
Error reading Inode 0 parent inode 2367.
Error reading Inode 0 parent inode 2366.
Error reading Inode 0 parent inode 1550.
Error reading Inode 0 parent inode 2373.
Error reading Inode 0 parent inode 2383.
Error reading Inode 0 parent inode 2404.
Error reading Inode 0 parent inode 2437.
Error reading Inode 0 parent inode 2372.
Error reading Inode 0 parent inode 2560.
Error reading Inode 0 parent inode 2370.
Error reading Inode 0 parent inode 2566.
Error reading Inode 0 parent inode 2569.
Error reading Inode 0 parent inode 2623.
Error reading Inode 0 parent inode 2633.
Error reading Inode 0 parent inode 2637.
Error reading Inode 0 parent inode 2641.
Error reading Inode 0 parent inode 2645.
Error reading Inode 0 parent inode 2649.
Error reading Inode 0 parent inode 2658.
Error reading Inode 0 parent inode 2663.
Error reading Inode 0 parent inode 2665.
Error reading Inode 0 parent inode 2662.
Error reading Inode 0 parent inode 2675.
Error reading Inode 0 parent inode 2679.
Error reading Inode 0 parent inode 2683.
Error reading Inode 0 parent inode 2622.
Error reading Inode 0 parent inode 2687.
Error reading Inode 0 parent inode 2565.
Error reading Inode 0 parent inode 2715.
Error reading Inode 0 parent inode 2714.
Error reading Inode 0 parent inode 2717.
Error reading Inode 0 parent inode 2719.
Error reading Inode 0 parent inode 2722.
Error reading Inode 0 parent inode 2883.
Error reading Inode 0 parent inode 2935.
Error reading Inode 0 parent inode 2951.
Error reading Inode 0 parent inode 2882.
Error reading Inode 0 parent inode 2965.
Error reading Inode 0 parent inode 2967.
Error Reading Inode A952DE80. Invalid Inode Number
Error reading Inode -1454186880 parent inode 2972.
Error Reading Inode 44B28466. Invalid Inode Number
Error reading Inode 1152549990 parent inode 2977.
Error Reading Inode 228717C3. Invalid Inode Number
Error reading Inode 579278787 parent inode 3021.
Error Reading Inode 150414E8. Invalid Inode Number
Error reading Inode 352589032 parent inode 3027.
Error reading Inode 0 parent inode 2964.
Error Reading Inode 368A2D22. Invalid Inode Number
Error reading Inode 915025186 parent inode 3058.
Error reading Inode 0 parent inode 3147.
Error reading Inode 0 parent inode 3403.
Error reading Inode 0 parent inode 3474.
Error reading Inode 0 parent inode 2.
=======
Error Opening \\.\PhysicalDrive2. Error Code 2
No of disks 2
Scanning \\.\PhysicalDrive0
index 0 ID 7 size 716800 
index 1 ID 7 size 976052224 
Scanning \\.\PhysicalDrive1
Scanning of \\.\PhysicalDrive1 failed: 
>>>>>>> 04c0b1f956f76f863ba24aa2ff0ad29fc242af16
